<?xml version="1.0" encoding="UTF-8"?>
<!-- Generated by org.testng.reporters.JUnitXMLReporter -->
<testsuite hostname="GulJen" ignored="2" name="Critical Functionalities" tests="2" failures="0" timestamp="2022-06-07T02:47:17 CDT" time="19.201" errors="0">
  <testcase name="testSignInWithEmail" time="5.12" classname="scripts.CarsSignInPageTest"/>
  <testcase name="testInvalidCredentials" time="9.137" classname="scripts.CarsSignInPageTest"/>
  <testcase name="testSignInPageSocialMedia" time="0.0" classname="scripts.CarsSignInPageTest">
    <ignored/>
  </testcase> <!-- testSignInPageSocialMedia -->
  <testcase name="testSignInPage" time="0.0" classname="scripts.CarsSignInPageTest">
    <ignored/>
  </testcase> <!-- testSignInPage -->
</testsuite> <!-- Critical Functionalities -->
